version: (200506)

available memory: 64M bytes
used memory: 196608 bytes [need 192K bytes if disable swap]

used block: 10 [memory(10) file(0)]
                 [ 8K(8) 64K(2) { total 192K bytes } ]
overhead: (9538) bytes for (10) blocks [Average: (953) bytes/block]

write  => 0(times) 0K(bytes) [0K bytes to file]
read   => 2(times) 42K(bytes) [7K bytes compressed data from file]
access => 328920(times) 2583M(bytes)
          [hit ratio: 99.9994%]

time: write(0) read(0)  unit: second

swap file directory: (/sophoton_users/haomiao.xu/Desktop/Haomiao_XU/bishe/pim/design/v2/verdiLog)
used swap file number: (3)



swap file manager:
arrSize: (256)
idxCnt: (4)
closeHead: (1)
closeTail: (3)
openCnt: (3)
fid(3): fd(1073741825) fileName(/sophoton_users/haomiao.xu/Desktop/Haomiao_XU/bishe/pim/design/v2/simv.daidir/kdb.elab++/work.lib++/core_top.v#inc___vcs_unit__1__1#.tdc)
	size(9465) lastModTime(1713946338) curModTime(1713946338)
	mode(rb)	hot(0) cool(2) pos(0)
fid(2): fd(28) fileName(/sophoton_users/haomiao.xu/Desktop/Haomiao_XU/bishe/pim/design/v2/verdiLog/_swap_0001#101324550#37572)
	size(0) lastModTime(0) curModTime(1713946342)
	mode(w+b)	hot(3) cool(1) pos(0)
fid(1): fd(1073741824) fileName(/sophoton_users/haomiao.xu/Desktop/Haomiao_XU/bishe/pim/design/v2/simv.daidir/kdb.elab++/work.lib++/tb.v.tdc)
	size(1882) lastModTime(1713946338) curModTime(1713946338)
	mode(rb)	hot(2) cool(0) pos(0)
fid(0): fd(0) fileName(NULL)
	mode(NULL)	hot(0) cool(0) pos(0)
==================================================
mySelf(0x19075080) pre(0x190669a0) next((nil))
version(200506)
date(Feb 14 2022 02:49:00)
