#######################################################################################
# log primitive debug message of FSDB dumping                                         #
# This is for R&D to analyze when there are issues happening when FSDB dump           #
#######################################################################################
ANF: vcsd_get_serial_mode_status('./simv: undefined symbol: vcsd_get_serial_mode_status')
ANF: vcsd_enable_sva_success_callback('./simv: undefined symbol: vcsd_enable_sva_success_callback')
ANF: vcsd_disable_sva_success_callback('./simv: undefined symbol: vcsd_disable_sva_success_callback')
ANF: vcsd_get_power_scope_name('./simv: undefined symbol: vcsd_get_power_scope_name')
ANF: vcsd_begin_no_value_var_info('./simv: undefined symbol: vcsd_begin_no_value_var_info')
ANF: vcsd_end_no_value_var_info('./simv: undefined symbol: vcsd_end_no_value_var_info')
ANF: vcsd_remove_xprop_merge_mode_callback('./simv: undefined symbol: vcsd_remove_xprop_merge_mode_callback')
ANF: vhpi_get_cb_info('./simv: undefined symbol: vhpi_get_cb_info')
ANF: vhpi_free_handle('./simv: undefined symbol: vhpi_free_handle')
ANF: vhpi_fetch_vcsd_handle('./simv: undefined symbol: vhpi_fetch_vcsd_handle')
ANF: vhpi_fetch_vpi_handle('./simv: undefined symbol: vhpi_fetch_vpi_handle')
ANF: vhpi_has_verilog_parent('./simv: undefined symbol: vhpi_has_verilog_parent')
ANF: vhpi_is_verilog_scope('./simv: undefined symbol: vhpi_is_verilog_scope')
ANF: scsd_xprop_is_enabled('./simv: undefined symbol: scsd_xprop_is_enabled')
ANF: scsd_xprop_sig_is_promoted('./simv: undefined symbol: scsd_xprop_sig_is_promoted')
ANF: scsd_xprop_int_xvalue('./simv: undefined symbol: scsd_xprop_int_xvalue')
ANF: scsd_xprop_bool_xvalue('./simv: undefined symbol: scsd_xprop_bool_xvalue')
ANF: scsd_xprop_enum_xvalue('./simv: undefined symbol: scsd_xprop_enum_xvalue')
ANF: scsd_xprop_register_merge_mode_cb('./simv: undefined symbol: scsd_xprop_register_merge_mode_cb')
ANF: scsd_xprop_delete_merge_mode_cb('./simv: undefined symbol: scsd_xprop_delete_merge_mode_cb')
ANF: scsd_xprop_get_merge_mode('./simv: undefined symbol: scsd_xprop_get_merge_mode')
ANF: scsd_thread_get_info('./simv: undefined symbol: scsd_thread_get_info')
ANF: scsd_thread_vc_init('./simv: undefined symbol: scsd_thread_vc_init')
ANF: scsd_master_set_delta_sync_cbk('./simv: undefined symbol: scsd_master_set_delta_sync_cbk')
ANF: scsd_fgp_get_fsdb_cores('./simv: undefined symbol: scsd_fgp_get_fsdb_cores')
ANF: scsd_fgp_get_is_cpu_affinity_disabled('./simv: undefined symbol: scsd_fgp_get_is_cpu_affinity_disabled')
ANF: vhdi_dt_get_type('./simv: undefined symbol: vhdi_dt_get_type')
ANF: vhdi_dt_get_key('./simv: undefined symbol: vhdi_dt_get_key')
ANF: vhdi_dt_get_vhdl_enum_info('./simv: undefined symbol: vhdi_dt_get_vhdl_enum_info')
ANF: vhdi_dt_get_vhdl_physical_info('./simv: undefined symbol: vhdi_dt_get_vhdl_physical_info')
ANF: vhdi_dt_get_vhdl_array_info('./simv: undefined symbol: vhdi_dt_get_vhdl_array_info')
ANF: vhdi_dt_get_vhdl_record_info('./simv: undefined symbol: vhdi_dt_get_vhdl_record_info')
ANF: vhdi_def_traverse_module('./simv: undefined symbol: vhdi_def_traverse_module')
ANF: vhdi_def_traverse_scope('./simv: undefined symbol: vhdi_def_traverse_scope')
ANF: vhdi_def_traverse_variable('./simv: undefined symbol: vhdi_def_traverse_variable')
ANF: vhdi_def_get_module_id_by_vhpi('./simv: undefined symbol: vhdi_def_get_module_id_by_vhpi')
ANF: vhdi_def_get_handle_by_module_id('./simv: undefined symbol: vhdi_def_get_handle_by_module_id')
ANF: vhdi_def_get_variable_info_by_vhpi('./simv: undefined symbol: vhdi_def_get_variable_info_by_vhpi')
ANF: vhdi_def_free('./simv: undefined symbol: vhdi_def_free')
ANF: vhdi_ist_traverse_scope('./simv: undefined symbol: vhdi_ist_traverse_scope')
ANF: vhdi_ist_traverse_variable('./simv: undefined symbol: vhdi_ist_traverse_variable')
ANF: vhdi_ist_convert_by_vhpi('./simv: undefined symbol: vhdi_ist_convert_by_vhpi')
ANF: vhdi_ist_clone('./simv: undefined symbol: vhdi_ist_clone')
ANF: vhdi_ist_free('./simv: undefined symbol: vhdi_ist_free')
ANF: vhdi_ist_hash_key('./simv: undefined symbol: vhdi_ist_hash_key')
ANF: vhdi_ist_compare('./simv: undefined symbol: vhdi_ist_compare')
ANF: vhdi_ist_get_value_addr('./simv: undefined symbol: vhdi_ist_get_value_addr')
ANF: vhdi_set_scsd_callback('./simv: undefined symbol: vhdi_set_scsd_callback')
ANF: vhdi_cbk_set_force_callback('./simv: undefined symbol: vhdi_cbk_set_force_callback')
ANF: vhdi_trigger_init_force('./simv: undefined symbol: vhdi_trigger_init_force')
ANF: vhdi_ist_check_scsd_callback('./simv: undefined symbol: vhdi_ist_check_scsd_callback')
ANF: vhdi_ist_add_scsd_callback('./simv: undefined symbol: vhdi_ist_add_scsd_callback')
ANF: vhdi_ist_remove_scsd_callback('./simv: undefined symbol: vhdi_ist_remove_scsd_callback')
ANF: vhdi_ist_get_scsd_user_data('./simv: undefined symbol: vhdi_ist_get_scsd_user_data')
ANF: vhdi_add_time_change_callback('./simv: undefined symbol: vhdi_add_time_change_callback')
ANF: vhdi_get_real_value_by_value_addr('./simv: undefined symbol: vhdi_get_real_value_by_value_addr')
ANF: vhdi_get_64_value_by_value_addr('./simv: undefined symbol: vhdi_get_64_value_by_value_addr')
ANF: vhdi_xprop_inst_is_promoted('./simv: undefined symbol: vhdi_xprop_inst_is_promoted')
ANF: vdi_ist_convert_by_vhdi('./simv: undefined symbol: vdi_ist_convert_by_vhdi')
ANF: vhdi_ist_get_module_id('./simv: undefined symbol: vhdi_ist_get_module_id')
ANF: vhdi_refine_foreign_scope_type('./simv: undefined symbol: vhdi_refine_foreign_scope_type')
ANF: vhdi_flush_callback('./simv: undefined symbol: vhdi_flush_callback')
ANF: vhdi_set_orig_name('./simv: undefined symbol: vhdi_set_orig_name')
ANF: vhdi_set_dump_pt('./simv: undefined symbol: vhdi_set_dump_pt')
ANF: vhdi_get_fsdb_option('./simv: undefined symbol: vhdi_get_fsdb_option')
ANF: vhdi_fgp_get_mode('./simv: undefined symbol: vhdi_fgp_get_mode')
ANF: vhdi_node_register_composite_var('./simv: undefined symbol: vhdi_node_register_composite_var')
ANF: vhdi_node_analysis('./simv: undefined symbol: vhdi_node_analysis')
ANF: vhdi_node_id('./simv: undefined symbol: vhdi_node_id')
ANF: vhdi_node_ist_check_scsd_callback('./simv: undefined symbol: vhdi_node_ist_check_scsd_callback')
ANF: vhdi_node_ist_add_scsd_callback('./simv: undefined symbol: vhdi_node_ist_add_scsd_callback')
ANF: vhdi_node_ist_get_value_addr('./simv: undefined symbol: vhdi_node_ist_get_value_addr')
ANF: vhdi_enc_def_traverse_module('./simv: undefined symbol: vhdi_enc_def_traverse_module')
ANF: vhdi_enc_def_traverse_scope('./simv: undefined symbol: vhdi_enc_def_traverse_scope')
ANF: vhdi_enc_def_traverse_variable('./simv: undefined symbol: vhdi_enc_def_traverse_variable')
ANF: vhdi_enc_ist_traverse_scope('./simv: undefined symbol: vhdi_enc_ist_traverse_scope')
ANF: vhdi_enc_ist_traverse_variable('./simv: undefined symbol: vhdi_enc_ist_traverse_variable')
ANF: vhdi_enc_ist_get_module_id('./simv: undefined symbol: vhdi_enc_ist_get_module_id')
ANF: vhdi_enc_def_get_handle_by_module_id('./simv: undefined symbol: vhdi_enc_def_get_handle_by_module_id')
VCS compile option:
 option[0]: ./simv
 option[1]: /ux/cad/synopsys/vcs/S-2021.09-SP2/linux64/bin/vcs1
 option[2]: -Mcc=gcc
 option[3]: -Mcplusplus=g++
 option[4]: -Masflags=
 option[5]: -Mcfl= -pipe -fPIC -O -I/ux/cad/synopsys/vcs/S-2021.09-SP2/include 
 option[6]: -Mxllcflags=
 option[7]: -Mxcflags= -pipe -fPIC -I/ux/cad/synopsys/vcs/S-2021.09-SP2/include
 option[8]: -Mldflags= -rdynamic 
 option[9]: -Mout=simv
 option[10]: -Mamsrun=
 option[11]: -Mvcsaceobjs=
 option[12]: -Mobjects= /ux/cad/synopsys/vcs/S-2021.09-SP2/linux64/lib/libvirsim.so /ux/cad/synopsys/vcs/S-2021.09-SP2/linux64/lib/liberrorinf.so /ux/cad/synopsys/vcs/S-2021.09-SP2/linux64/lib/libsnpsmalloc.so /ux/cad/synopsys/vcs/S-2021.09-SP2/linux64/lib/libvfs.so /ux/cad/synopsys/verdi/S-2021.09-SP2//share/PLI/VCS/LINUX64/pli.a 
 option[13]: -Mexternalobj=
 option[14]: -Msaverestoreobj=/ux/cad/synopsys/vcs/S-2021.09-SP2/linux64/lib/vcs_save_restore_new.o
 option[15]: -Mcrt0=
 option[16]: -Mcrtn=
 option[17]: -Mcsrc=
 option[18]: -Msyslibs=/ux/cad/synopsys/verdi/S-2021.09-SP2/share/PLI/VCS/LINUX64/pli.a -ldl -lm 
 option[19]: -P
 option[20]: /ux/cad/synopsys/verdi/S-2021.09-SP2//share/PLI/VCS/LINUX64/novas.tab
 option[21]: -debug_access+all
 option[22]: +vpi
 option[23]: +vcsd1
 option[24]: +itf+/ux/cad/synopsys/vcs/S-2021.09-SP2/linux64/lib/vcsdp_lite.tab
 option[25]: -v2k_generate
 option[26]: -full64
 option[27]: -lca
 option[28]: -kdb
 option[29]: -Xufe=2steps
 option[30]: -timescale=1ps/1ps
 option[31]: -top
 option[32]: tb_my_core
 option[33]: -picarchive
 option[34]: -P
 option[35]: /ux/cad/synopsys/verdi/S-2021.09-SP2/share/PLI/VCS/LINUX64/verdi.tab
 option[36]: -fsdb
 option[37]: -sverilog
 option[38]: -gen_obj
 option[39]: -f
 option[40]: flist.f
 option[41]: +incdir+.
 option[42]: -load
 option[43]: /ux/cad/synopsys/verdi/S-2021.09-SP2/share/PLI/VCS/LINUX64/libnovas.so:FSDBDumpCmd
 option[44]: timescale=1ps/1ps
Chronologic Simulation VCS Release S-2021.09-SP2_Full64
Linux 6.4.0-1.el7.elrepo.x86_64 #1 SMP PREEMPT_DYNAMIC Mon Jun 26 18:48:41 EDT 2023 x86_64
CPU cores: 128
Limit information:
======================================
cputime		unlimited
filesize		unlimited
datasize		unlimited
stacksize		8192 kbytes
coredumpsize		unlimited
memoryuse		unlimited
vmemoryuse		unlimited
descriptors		4096
memorylocked		8192 kbytes
maxproc		8206904
======================================
(Special)Runtime environment variables:

Runtime environment variables:
MODULEPATH=/ux/cad/modules/modulefiles/cadence:/ux/cad/modules/modulefiles/synopsys:/ux/cad/modules/modulefiles/mentor:/ux/cad/modules/modulefiles/ansys:/ux/cad/modules/modulefiles/xilinx:/ux/cad/modules/modulefiles/others:/ux/cad/modules/modulefiles/xtop:/ux/cad/modules/modulefiles/skipper
SHELL=/bin/tcsh
VTE_VERSION=5204
XSTART_RUNTIME_DIR=/sophoton_users/haomiao.xu
_=/usr/bin/xfce4-session
LSF_SERVERDIR=/sophoton_users/lsf/10.1/linux3.10-glibc2.17-x86_64/etc
XILINXD_LICENSE_FILE=/ux/lic/xilinx_ise_vivado.lic
jaspergold_HOME=/ux/cad/cadence/jasper_2021.12p002
SNPSLMD_LICENSE_FILE=27000@10.6.252.12
LOADEDMODULES_modshare=Vivado/20.1:1:vcs/S-2021.09-SP2:1:sos/7.05:1:jaspergold/2021.12p2:1:verdi/S-2021.09-SP2:1
APACHEDA_LICENSE_FILE=27004@10.6.252.12
MACHTYPE=x86_64
QT_PLUGIN_PATH=/usr/lib64/kde4/plugins:/usr/lib/kde4/plugins
LESSOPEN=||/usr/bin/lesspipe.sh %s
_LMFILES__modshare=/ux/cad/modules/modulefiles/others/sos/7.05:1:/ux/cad/modules/modulefiles/synopsys/verdi/S-2021.09-SP2:1:/ux/cad/modules/modulefiles/xilinx/Vivado/20.1:1:/ux/cad/modules/modulefiles/cadence/jaspergold/2021.12p2:1:/ux/cad/modules/modulefiles/synopsys/vcs/S-2021.09-SP2:1
PATH=/ux/cad/xilinx/Vivado/2020.1/bin:/ux/cad/synopsys/verdi/S-2021.09-SP2/bin:/ux/cad/synopsys/vcs/S-2021.09-SP2/gui:/ux/cad/synopsys/vcs/S-2021.09-SP2/bin:/ux/cad/synopsys/vcs/S-2021.09-SP2/amd64/bin:/ux/cad/cadence/jasper_2021.12p002/tools/dfII/bin:/ux/cad/cadence/jasper_2021.12p002/bin:/ux/cad/others/sos/7.05/sos_7.05.p3_linux64/bin:/ux/cad/modules/bin:/usr/lib64/qt-3.3/bin:/sophoton_users/lsf/10.1/linux3.10-glibc2.17-x86_64/etc:/sophoton_users/lsf/10.1/linux3.10-glibc2.17-x86_64/bin:/bin:/usr/bin:/usr/local/scala-2.13.0/bin
LM_LICENSE_FILE=27005@10.6.252.12
SCALA_HOME=/usr/local/scala-2.13.0
GPG_AGENT_INFO=/sophoton_users/haomiao.xu/.gnupg/S.gpg-agent:129083:1
QT_GRAPHICSSYSTEM_CHECKED=1
SESSION_MANAGER=local/unix:@/tmp/.ICE-unix/129070,unix/unix:/tmp/.ICE-unix/129070
XDG_RUNTIME_DIR=/opt/etxcn/runtime/sessions/9
MODULES_CMD=/ux/cad/modules/libexec/modulecmd.tcl
VENDOR=unknown
WINDOWID=8845996
BASH_ENV=/ux/cad/modules/init/bash
LSF_ENVDIR=/sophoton_users/lsf/conf
LS_COLORS=rs=0:di=38;5;27:ln=38;5;51:mh=44;38;5;15:pi=40;38;5;11:so=38;5;13:do=38;5;5:bd=48;5;232;38;5;11:cd=48;5;232;38;5;3:or=48;5;232;38;5;9:mi=05;48;5;232;38;5;15:su=48;5;196;38;5;15:sg=48;5;11;38;5;16:ca=48;5;196;38;5;226:tw=48;5;10;38;5;16:ow=48;5;10;38;5;21:st=48;5;21;38;5;15:ex=38;5;34:*.tar=38;5;9:*.tgz=38;5;9:*.arc=38;5;9:*.arj=38;5;9:*.taz=38;5;9:*.lha=38;5;9:*.lz4=38;5;9:*.lzh=38;5;9:*.lzma=38;5;9:*.tlz=38;5;9:*.txz=38;5;9:*.tzo=38;5;9:*.t7z=38;5;9:*.zip=38;5;9:*.z=38;5;9:*.Z=38;5;9:*.dz=38;5;9:*.gz=38;5;9:*.lrz=38;5;9:*.lz=38;5;9:*.lzo=38;5;9:*.xz=38;5;9:*.bz2=38;5;9:*.bz=38;5;9:*.tbz=38;5;9:*.tbz2=38;5;9:*.tz=38;5;9:*.deb=38;5;9:*.rpm=38;5;9:*.jar=38;5;9:*.war=38;5;9:*.ear=38;5;9:*.sar=38;5;9:*.rar=38;5;9:*.alz=38;5;9:*.ace=38;5;9:*.zoo=38;5;9:*.cpio=38;5;9:*.7z=38;5;9:*.rz=38;5;9:*.cab=38;5;9:*.jpg=38;5;13:*.jpeg=38;5;13:*.gif=38;5;13:*.bmp=38;5;13:*.pbm=38;5;13:*.pgm=38;5;13:*.ppm=38;5;13:*.tga=38;5;13:*.xbm=38;5;13:*.xpm=38;5;13:*.tif=38;5;13:*.tiff=38;5;13:*.png=38;5;13:*.svg=38;5;13:*.svgz=38;5;13:*.mng=38;5;13:*.pcx=38;5;13:*.mov=38;5;13:*.mpg=38;5;13:*.mpeg=38;5;13:*.m2v=38;5;13:*.mkv=38;5;13:*.webm=38;5;13:*.ogm=38;5;13:*.mp4=38;5;13:*.m4v=38;5;13:*.mp4v=38;5;13:*.vob=38;5;13:*.qt=38;5;13:*.nuv=38;5;13:*.wmv=38;5;13:*.asf=38;5;13:*.rm=38;5;13:*.rmvb=38;5;13:*.flc=38;5;13:*.avi=38;5;13:*.fli=38;5;13:*.flv=38;5;13:*.gl=38;5;13:*.dl=38;5;13:*.xcf=38;5;13:*.xwd=38;5;13:*.yuv=38;5;13:*.cgm=38;5;13:*.emf=38;5;13:*.axv=38;5;13:*.anx=38;5;13:*.ogv=38;5;13:*.ogx=38;5;13:*.aac=38;5;45:*.au=38;5;45:*.flac=38;5;45:*.mid=38;5;45:*.midi=38;5;45:*.mka=38;5;45:*.mp3=38;5;45:*.mpc=38;5;45:*.ogg=38;5;45:*.ra=38;5;45:*.wav=38;5;45:*.axa=38;5;45:*.oga=38;5;45:*.spx=38;5;45:*.xspf=38;5;45:
SSH_AUTH_SOCK=/tmp/ssh-lHwoPGbsSCVz/agent.129080
SOS_CDS_EXIT=no
KDEDIRS=/usr
DISPLAY=:9.0
HOME=/sophoton_users/haomiao.xu
VCS_HOME=/ux/cad/synopsys/vcs/S-2021.09-SP2
PWD=/sophoton_users/haomiao.xu/Desktop/Haomiao_XU/bishe/pim/design/v2
SSH_AGENT_PID=129081
CLIOLMD_LICENSE_FILE=5217@10.6.252.12
VERDI_HOME=/ux/cad/synopsys/verdi/S-2021.09-SP2
LSF_LIBDIR=/sophoton_users/lsf/10.1/linux3.10-glibc2.17-x86_64/lib
MGLS_LICENSE_FILE=27001@10.6.252.12
MANPATH=/ux/cad/modules/share/man:/sophoton_users/lsf/10.1/man:
DBUS_SESSION_BUS_ADDRESS=unix:abstract=/tmp/dbus-u5jkvYjAbJ,guid=182ad160f2c1d04da7ebc5cb65f80f91
APP_PATH=/ux/cad
LD_LIBRARY_PATH=/ux/cad/synopsys/verdi/S-2021.09-SP2/share/PLI/IUS/LINUX64:/ux/cad/synopsys/vcs/S-2021.09-SP2/amd64/lib:/ux/cad/cadence/jasper_2021.12p002/tools.lnx86/lib:/ux/cad/cadence/jasper_2021.12p002/lib:/ux/cad/others/sos/7.05/sos_7.05.p3_linux64/lib/64bit:/ux/cad/others/sos/7.05/sos_7.05.p3_linux64/lib:/sophoton_users/lsf/10.1/linux3.10-glibc2.17-x86_64/lib::/usr/local/systemc2.3.4/lib-linux64:/usr/local/systemc2.3.4/lib
MODULEPATH_modshare=/ux/cad/modules/modulefiles/skipper:1:/ux/cad/modules/modulefiles/ansys:1:/ux/cad/modules/modulefiles/cadence:1:/ux/cad/modules/modulefiles/xtop:1:/ux/cad/modules/modulefiles/synopsys:1:/ux/cad/modules/modulefiles/xilinx:1:/ux/cad/modules/modulefiles/mentor:1:/ux/cad/modules/modulefiles/others:1
MODULESHOME=/ux/cad/modules
CLIOSOFT_DIR=/ux/cad/others/sos/7.05/sos_7.05.p3_linux64
LOGNAME=haomiao.xu
CDS_LIC_FILE=5280@10.6.252.12
COLORTERM=truecolor
OSTYPE=linux
VCS_ARCH_OVERRIDE=linux
SHLVL=2
MAKEOVERRIDES=${-*-command-variables-*-}
XDG_SESSION_ID=17767
USER=haomiao.xu
QTLIB=/usr/lib64/qt-3.3/lib
PATH_modshare=/ux/cad/xilinx/Vivado/2020.1/bin:1:/ux/cad/cadence/jasper_2021.12p002/bin:1:/sophoton_users/lsf/10.1/linux3.10-glibc2.17-x86_64/bin:1:/usr/bin:1:/ux/cad/cadence/jasper_2021.12p002/tools/dfII/bin:1:/ux/cad/others/sos/7.05/sos_7.05.p3_linux64/bin:1:/ux/cad/synopsys/vcs/S-2021.09-SP2/amd64/bin:1:/ux/cad/synopsys/vcs/S-2021.09-SP2/gui:1:/ux/cad/synopsys/verdi/S-2021.09-SP2/bin:1:/bin:1:/ux/cad/synopsys/vcs/S-2021.09-SP2/bin:1:/ux/cad/modules/bin:1:/sophoton_users/lsf/10.1/linux3.10-glibc2.17-x86_64/etc:1:/usr/lib64/qt-3.3/bin:1
NOVAS_RC=/sophoton_users/haomiao.xu/novas.rc
CVS_RSH=ssh
MAKEFLAGS=CORE_VERSION=3
MFLAGS=
MAIL=/var/spool/mail/haomiao.xu
LOADEDMODULES=sos/7.05:jaspergold/2021.12p2:vcs/S-2021.09-SP2:verdi/S-2021.09-SP2:Vivado/20.1
LSF_BINDIR=/sophoton_users/lsf/10.1/linux3.10-glibc2.17-x86_64/bin
_LMFILES_=/ux/cad/modules/modulefiles/others/sos/7.05:/ux/cad/modules/modulefiles/cadence/jaspergold/2021.12p2:/ux/cad/modules/modulefiles/synopsys/vcs/S-2021.09-SP2:/ux/cad/modules/modulefiles/synopsys/verdi/S-2021.09-SP2:/ux/cad/modules/modulefiles/xilinx/Vivado/20.1
VIVADO=/ux/cad/xilinx/Vivado/2020.1
CDS_LICENSE_FILE=5280@10.6.252.12
GDM_USE_SHLIB_ENVVAR=1
HOSTTYPE=x86_64-linux
GROUP=haomiao.xu
LD_LIBRARY_PATH_modshare=/ux/cad/cadence/jasper_2021.12p002/tools.lnx86/lib:1::1:/ux/cad/others/sos/7.05/sos_7.05.p3_linux64/lib/64bit:1:/ux/cad/others/sos/7.05/sos_7.05.p3_linux64/lib:1:/ux/cad/cadence/jasper_2021.12p002/lib:1:/sophoton_users/lsf/10.1/linux3.10-glibc2.17-x86_64/lib:1:/ux/cad/synopsys/verdi/S-2021.09-SP2/share/PLI/IUS/LINUX64:1:/ux/cad/synopsys/vcs/S-2021.09-SP2/amd64/lib:1
QTINC=/usr/lib64/qt-3.3/include
QTDIR=/usr/lib64/qt-3.3
ENV=/ux/cad/modules/init/profile.sh
LANG=en_US.UTF-8
TERM=xterm-256color
CORE_VERSION=3
HOST=comp23.sha.sophoton.local
MAKELEVEL=1
VCS_PATHMAP_PRELOAD_DONE=1
VCS_STACK_EXEC=true
VCS_EXEC_DONE=1
LC_ALL=C
DVE=/ux/cad/synopsys/vcs/S-2021.09-SP2/gui/dve
SPECMAN_OUTPUT_TO_TTY=1
FLEXLM_BORROWFILE=/sophoton_users/haomiao.xu/.comp23.sha.sophoton.local-borrow.txt
Runtime command line arguments:
argv[0]=./simv
237 profile - 100
          CPU/Mem usage: 0.030 sys,  0.170 user,  270.06M mem
238 Elapsed time:    0:00:01    Wed Apr 24 16:12:20 2024
239 User CPU time used: 0 seconds
240 System CPU time used: 0 seconds
241 pliAppInit
242 [SC]Init: MemoryConsumed=0.00MB ElapsedTime=0hour 0min. 0sec.
243 FSDB_GATE is set.
244 FSDB_RTL is set.
245 FSDB_FIELDTYPE is set.
246 FSDB_ALIAS_ARRAY_ELEM is set to 4294967295.
247 Enable Parallel Dumping.
248 pliAppMiscSet: New Sim Round
249 pliEntryInit
250 LIBSSCORE=found /ux/cad/synopsys/verdi/S-2021.09-SP2/share/PLI/lib/LINUXAMD64/libsscore_vcs202109.so through $NOVAS_HOME setting.
251 FSDB Dumper for VCS, Release Verdi_S-2021.09-SP2, Linux x86_64/64bit, 02/28/2022
252 (C) 1996 - 2022 by Synopsys, Inc.
253 sps_call_fsdbDumpfile_main at 0 : tb.v(29)
254 argv[0]: (device.fsdb)
255 *Verdi* : Create FSDB file 'device.fsdb'
256 [spi_vcs_vd_ppi_create_root]: no upf option
257 compile option from '/sophoton_users/haomiao.xu/Desktop/Haomiao_XU/bishe/pim/design/v2/simv.daidir/vcs_rebuild'.
258   "vcs '-P' '/ux/cad/synopsys/verdi/S-2021.09-SP2//share/PLI/VCS/LINUX64/novas.tab' '/ux/cad/synopsys/verdi/S-2021.09-SP2//share/PLI/VCS/LINUX64/pli.a' '-sverilog' '-debug_access+all' '-v2k_generate' '-full64' '-lca' '-kdb' '-f' 'flist.f' '+incdir+.' '-timescale=1ps/1ps' '-top' 'tb_my_core' 2>&1"
259 DVDI_is_vir_unload_enabled is enable
260 FSDB_VCS_ENABLE_NATIVE_VC is enable
261 sps_call_fsdbDumpvars_vd_main at 0 : tb.v(30)
262 argv[0]: (0)
263 argv[1]: (handle) tb_my_core
264 argv[2]: (+all)
265 *Verdi* : Begin traversing the scope (tb_my_core), layer (0).
266 *Verdi* : Enable +all dumping.
267 *Verdi* : End of traversing.
268 pliAppHDL_DumpVarComplete traverse var: profile - 
          CPU/Mem usage: 0.040 sys,  0.190 user,  369.90M mem
                   incr: 0.000 sys,  0.020 user,  7.41M mem
                   accu: 0.000 sys,  0.020 user,  7.41M mem
              accu incr: 0.000 sys,  0.020 user,  7.41M mem

          Count usage: 5712 var,  4058 idcode,  822 callback
                 incr: 5712 var,  4058 idcode,  822 callback
                 accu: 5712 var,  4058 idcode,  822 callback
            accu incr: 5712 var,  4058 idcode,  822 callback
269 Elapsed time:    0:00:01    Wed Apr 24 16:12:20 2024
270 User CPU time used: 0 seconds
271 System CPU time used: 0 seconds
272 pliAppHDL_DumpVarComplete: profile - 
          CPU/Mem usage: 0.040 sys,  0.190 user,  370.95M mem
                   incr: 0.000 sys,  0.000 user,  1.05M mem
                   accu: 0.000 sys,  0.020 user,  8.47M mem
              accu incr: 0.000 sys,  0.000 user,  1.05M mem

          Count usage: 5712 var,  4058 idcode,  822 callback
                 incr: 0 var,  0 idcode,  0 callback
                 accu: 5712 var,  4058 idcode,  822 callback
            accu incr: 0 var,  0 idcode,  0 callback
273 Elapsed time:    0:00:01    Wed Apr 24 16:12:20 2024
274 User CPU time used: 0 seconds
275 System CPU time used: 0 seconds
276 End of simulation at 5505
277 Memory usage: 370.954 M
278 Maximum resident set size: 114 MB
279 Hard page faults: 8
280 Soft page faults: 11594
281 Elapsed time:    0:00:01    Wed Apr 24 16:12:20 2024
282 User CPU time used: 0 seconds
283 System CPU time used: 0 seconds
284 Begin FSDB profile info:
285 FSDB Writer : bc1(2122) bcn(26896) mtf/stf(0/0)
FSDB Writer elapsed time : flush(0.006745) io wait(0.000000) theadpool wait(0.000000)
FSDB Writer cpu time : MT Compression : 0
286 End FSDB profile info
287 FSDB closed. Name: device.fsdb Size: 60418
288 Parallel profile     - ProducerThread:1 ConsumerThread:1 Buffer:64MB
289                      - BlockUsed:1 Acquire:28740 BufferUsed:514053
290                      - Flush:3 Expand:0 ProducerWait:0 ConsumerWait:0
291                      - MainProducerTime:0.264586258 TotalConsumerTime:0.000000000
292                      - ElapsedTime:0.091654000
293 Producer   0 profile - BlockUsed:1 Acquire:28740 BufferUsed:514053
294 Consumer   0 profile - Affinity:-1 CPUTime:0.000000000 LifeTime:0.000000000 (-nan%)
295                      - BlockUsed:1 Acquire:28740 BufferUsed:514053
296 SimExit
297 Elapsed time:    0:00:01    Wed Apr 24 16:12:20 2024
298 User CPU time used: 0 seconds
299 System CPU time used: 0 seconds
300 Sim process exit
